This is pdfTeX, Version 3.14159265-2.6-1.40.16 (TeX Live 2015/W32TeX) (preloaded format=pdflatex 2019.10.2)  24 NOV 2019 23:24
entering extended mode
 restricted \write18 enabled.
 file:line:error style messages enabled.
 %&-line parsing enabled.
**"c:/Users/17877/Documents/Abroad/EThz/Courses/QM/Lecture Notes/QM Latex/quantum mechanics.tex"
(c:/Users/17877/Documents/Abroad/EThz/Courses/QM/Lecture Notes/QM Latex/quantum mechanics.tex
LaTeX2e <2015/01/01>
Babel <3.9l> and hyphenation patterns for 79 languages loaded.
(c:/texlive/2015/texmf-dist/tex/latex/base/report.cls
Document Class: report 2014/09/29 v1.4h Standard LaTeX document class
(c:/texlive/2015/texmf-dist/tex/latex/base/size10.clo
File: size10.clo 2014/09/29 v1.4h Standard LaTeX file (size option)
)
\c@part=\count79
\c@chapter=\count80
\c@section=\count81
\c@subsection=\count82
\c@subsubsection=\count83
\c@paragraph=\count84
\c@subparagraph=\count85
\c@figure=\count86
\c@table=\count87
\abovecaptionskip=\skip41
\belowcaptionskip=\skip42
\bibindent=\dimen102
) (c:/texlive/2015/texmf-dist/tex/latex/amsmath/amsmath.sty
Package: amsmath 2013/01/14 v2.14 AMS math features
\@mathmargin=\skip43

For additional information on amsmath, use the `?' option.
(c:/texlive/2015/texmf-dist/tex/latex/amsmath/amstext.sty
Package: amstext 2000/06/29 v2.01
 (c:/texlive/2015/texmf-dist/tex/latex/amsmath/amsgen.sty
File: amsgen.sty 1999/11/30 v2.0
\@emptytoks=\toks14
\ex@=\dimen103
)) (c:/texlive/2015/texmf-dist/tex/latex/amsmath/amsbsy.sty
Package: amsbsy 1999/11/29 v1.2d
\pmbraise@=\dimen104
) (c:/texlive/2015/texmf-dist/tex/latex/amsmath/amsopn.sty
Package: amsopn 1999/12/14 v2.01 operator names
)
\inf@bad=\count88
LaTeX Info: Redefining \frac on input line 210.
\uproot@=\count89
\leftroot@=\count90
LaTeX Info: Redefining \overline on input line 306.
\classnum@=\count91
\DOTSCASE@=\count92
LaTeX Info: Redefining \ldots on input line 378.
LaTeX Info: Redefining \dots on input line 381.
LaTeX Info: Redefining \cdots on input line 466.
\Mathstrutbox@=\box26
\strutbox@=\box27
\big@size=\dimen105
LaTeX Font Info:    Redeclaring font encoding OML on input line 566.
LaTeX Font Info:    Redeclaring font encoding OMS on input line 567.
\macc@depth=\count93
\c@MaxMatrixCols=\count94
\dotsspace@=\muskip10
\c@parentequation=\count95
\dspbrk@lvl=\count96
\tag@help=\toks15
\row@=\count97
\column@=\count98
\maxfields@=\count99
\andhelp@=\toks16
\eqnshift@=\dimen106
\alignsep@=\dimen107
\tagshift@=\dimen108
\tagwidth@=\dimen109
\totwidth@=\dimen110
\lineht@=\dimen111
\@envbody=\toks17
\multlinegap=\skip44
\multlinetaggap=\skip45
\mathdisplay@stack=\toks18
LaTeX Info: Redefining \[ on input line 2665.
LaTeX Info: Redefining \] on input line 2666.
) (c:/texlive/2015/texmf-dist/tex/latex/amsfonts/amssymb.sty
Package: amssymb 2013/01/14 v3.01 AMS font symbols
 (c:/texlive/2015/texmf-dist/tex/latex/amsfonts/amsfonts.sty
Package: amsfonts 2013/01/14 v3.01 Basic AMSFonts support
\symAMSa=\mathgroup4
\symAMSb=\mathgroup5
LaTeX Font Info:    Overwriting math alphabet `\mathfrak' in version `bold'
(Font)                  U/euf/m/n --> U/euf/b/n on input line 106.
)) (c:/texlive/2015/texmf-dist/tex/latex/sidecap/sidecap.sty
Package: sidecap 2003/06/06 v1.6f SideCap Package (RN/HjG)
 (c:/texlive/2015/texmf-dist/tex/latex/base/ifthen.sty
Package: ifthen 2014/09/29 v1.1c Standard LaTeX ifthen package (DPC)
)
\SC@BOXWD=\dimen112
\SC@CAPWD=\dimen113
\SC@tempdima=\dimen114
\SC@tempdimb=\dimen115
\c@SC@C=\count100
\SC@BOX=\box28
) (c:/texlive/2015/texmf-dist/tex/latex/caption/caption.sty
Package: caption 2013/05/02 v3.3-89 Customizing captions (AR)
 (c:/texlive/2015/texmf-dist/tex/latex/caption/caption3.sty
Package: caption3 2013/05/02 v1.6-88 caption3 kernel (AR)
Package caption3 Info: TeX engine: e-TeX on input line 57.
 (c:/texlive/2015/texmf-dist/tex/latex/graphics/keyval.sty
Package: keyval 2014/10/28 v1.15 key=value parser (DPC)
\KV@toks@=\toks19
)
\captionmargin=\dimen116
\captionmargin@=\dimen117
\captionwidth=\dimen118
\caption@tempdima=\dimen119
\caption@indent=\dimen120
\caption@parindent=\dimen121
\caption@hangindent=\dimen122
)
\c@ContinuedFloat=\count101
Package caption Info: sidecap package is loaded.
) (c:/texlive/2015/texmf-dist/tex/latex/psnfss/pifont.sty
Package: pifont 2005/04/12 PSNFSS-v9.2a Pi font support (SPQR) 
LaTeX Font Info:    Try loading font information for U+pzd on input line 63.
 (c:/texlive/2015/texmf-dist/tex/latex/psnfss/upzd.fd
File: upzd.fd 2001/06/04 font definitions for U/pzd.
)
LaTeX Font Info:    Try loading font information for U+psy on input line 64.
 (c:/texlive/2015/texmf-dist/tex/latex/psnfss/upsy.fd
File: upsy.fd 2001/06/04 font definitions for U/psy.
)) (c:/texlive/2015/texmf-dist/tex/latex/graphics/graphicx.sty
Package: graphicx 2014/10/28 v1.0g Enhanced LaTeX Graphics (DPC,SPQR)
 (c:/texlive/2015/texmf-dist/tex/latex/graphics/graphics.sty
Package: graphics 2014/10/28 v1.0p Standard LaTeX Graphics (DPC,SPQR)
 (c:/texlive/2015/texmf-dist/tex/latex/graphics/trig.sty
Package: trig 1999/03/16 v1.09 sin cos tan (DPC)
) (c:/texlive/2015/texmf-dist/tex/latex/latexconfig/graphics.cfg
File: graphics.cfg 2010/04/23 v1.9 graphics configuration of TeX Live
)
Package graphics Info: Driver file: pdftex.def on input line 94.
 (c:/texlive/2015/texmf-dist/tex/latex/pdftex-def/pdftex.def
File: pdftex.def 2011/05/27 v0.06d Graphics/color for pdfTeX
 (c:/texlive/2015/texmf-dist/tex/generic/oberdiek/infwarerr.sty
Package: infwarerr 2010/04/08 v1.3 Providing info/warning/error messages (HO)
) (c:/texlive/2015/texmf-dist/tex/generic/oberdiek/ltxcmds.sty
Package: ltxcmds 2011/11/09 v1.22 LaTeX kernel commands for general use (HO)
)
\Gread@gobject=\count102
))
\Gin@req@height=\dimen123
\Gin@req@width=\dimen124
) (c:/texlive/2015/texmf-dist/tex/latex/geometry/geometry.sty
Package: geometry 2010/09/12 v5.6 Page Geometry
 (c:/texlive/2015/texmf-dist/tex/generic/oberdiek/ifpdf.sty
Package: ifpdf 2011/01/30 v2.3 Provides the ifpdf switch (HO)
Package ifpdf Info: pdfTeX in PDF mode is detected.
) (c:/texlive/2015/texmf-dist/tex/generic/oberdiek/ifvtex.sty
Package: ifvtex 2010/03/01 v1.5 Detect VTeX and its facilities (HO)
Package ifvtex Info: VTeX not detected.
) (c:/texlive/2015/texmf-dist/tex/generic/ifxetex/ifxetex.sty
Package: ifxetex 2010/09/12 v0.6 Provides ifxetex conditional
)
\Gm@cnth=\count103
\Gm@cntv=\count104
\c@Gm@tempcnt=\count105
\Gm@bindingoffset=\dimen125
\Gm@wd@mp=\dimen126
\Gm@odd@mp=\dimen127
\Gm@even@mp=\dimen128
\Gm@layoutwidth=\dimen129
\Gm@layoutheight=\dimen130
\Gm@layouthoffset=\dimen131
\Gm@layoutvoffset=\dimen132
\Gm@dimlist=\toks20
) (c:/texlive/2015/texmf-dist/tex/latex/float/float.sty
Package: float 2001/11/08 v1.3d Float enhancements (AL)
\c@float@type=\count106
\float@exts=\toks21
\float@box=\box29
\@float@everytoks=\toks22
\@floatcapt=\box30
) (c:/texlive/2015/texmf-dist/tex/latex/multirow/multirow.sty
\bigstrutjot=\dimen133
) (c:/texlive/2015/texmf-dist/tex/latex/titlesec/titlesec.sty
Package: titlesec 2011/12/15 v2.10.0 Sectioning titles
\ttl@box=\box31
\beforetitleunit=\skip46
\aftertitleunit=\skip47
\ttl@plus=\dimen134
\ttl@minus=\dimen135
\ttl@toksa=\toks23
\titlewidth=\dimen136
\titlewidthlast=\dimen137
\titlewidthfirst=\dimen138
) (c:/texlive/2015/texmf-dist/tex/latex/tools/verbatim.sty
Package: verbatim 2014/10/28 v1.5q LaTeX2e package for verbatim enhancements
\every@verbatim=\toks24
\verbatim@line=\toks25
\verbatim@in@stream=\read1
) (c:/texlive/2015/texmf-dist/tex/latex/subfigure/subfigure.sty
Package: subfigure 2002/03/15 v2.1.5 subfigure package
\subfigtopskip=\skip48
\subfigcapskip=\skip49
\subfigcaptopadj=\dimen139
\subfigbottomskip=\skip50
\subfigcapmargin=\dimen140
\subfiglabelskip=\skip51
\c@subfigure=\count107
\c@lofdepth=\count108
\c@subtable=\count109
\c@lotdepth=\count110

****************************************
* Local config file subfigure.cfg used *
****************************************
(c:/texlive/2015/texmf-dist/tex/latex/subfigure/subfigure.cfg)
\subfig@top=\skip52
\subfig@bottom=\skip53
)

LaTeX Warning: Unused global option(s):
    [en].

(./quantum mechanics.aux (./5-central_potential.aux))
\openout1 = `"quantum mechanics.aux"'.

LaTeX Font Info:    Checking defaults for OML/cmm/m/it on input line 26.
LaTeX Font Info:    ... okay on input line 26.
LaTeX Font Info:    Checking defaults for T1/cmr/m/n on input line 26.
LaTeX Font Info:    ... okay on input line 26.
LaTeX Font Info:    Checking defaults for OT1/cmr/m/n on input line 26.
LaTeX Font Info:    ... okay on input line 26.
LaTeX Font Info:    Checking defaults for OMS/cmsy/m/n on input line 26.
LaTeX Font Info:    ... okay on input line 26.
LaTeX Font Info:    Checking defaults for OMX/cmex/m/n on input line 26.
LaTeX Font Info:    ... okay on input line 26.
LaTeX Font Info:    Checking defaults for U/cmr/m/n on input line 26.
LaTeX Font Info:    ... okay on input line 26.
 (c:/texlive/2015/texmf-dist/tex/latex/ms/ragged2e.sty
Package: ragged2e 2009/05/21 v2.1 ragged2e Package (MS)
 (c:/texlive/2015/texmf-dist/tex/latex/ms/everysel.sty
Package: everysel 2011/10/28 v1.2 EverySelectfont Package (MS)
 ABD: EverySelectfont initializing macros
LaTeX Info: Redefining \selectfont on input line 126.
)
\CenteringLeftskip=\skip54
\RaggedLeftLeftskip=\skip55
\RaggedRightLeftskip=\skip56
\CenteringRightskip=\skip57
\RaggedLeftRightskip=\skip58
\RaggedRightRightskip=\skip59
\CenteringParfillskip=\skip60
\RaggedLeftParfillskip=\skip61
\RaggedRightParfillskip=\skip62
\JustifyingParfillskip=\skip63
\CenteringParindent=\skip64
\RaggedLeftParindent=\skip65
\RaggedRightParindent=\skip66
\JustifyingParindent=\skip67
)
Package caption Info: Begin \AtBeginDocument code.
Package caption Info: float package is loaded.
Package caption Info: subfigure package is loaded.
Package caption Info: End \AtBeginDocument code.
 (c:/texlive/2015/texmf-dist/tex/context/base/supp-pdf.mkii
[Loading MPS to PDF converter (version 2006.09.02).]
\scratchcounter=\count111
\scratchdimen=\dimen141
\scratchbox=\box32
\nofMPsegments=\count112
\nofMParguments=\count113
\everyMPshowfont=\toks26
\MPscratchCnt=\count114
\MPscratchDim=\dimen142
\MPnumerator=\count115
\makeMPintoPDFobject=\count116
\everyMPtoPDFconversion=\toks27
) (c:/texlive/2015/texmf-dist/tex/generic/oberdiek/pdftexcmds.sty
Package: pdftexcmds 2011/11/29 v0.20 Utility functions of pdfTeX for LuaTeX (HO)
 (c:/texlive/2015/texmf-dist/tex/generic/oberdiek/ifluatex.sty
Package: ifluatex 2010/03/01 v1.3 Provides the ifluatex switch (HO)
Package ifluatex Info: LuaTeX not detected.
)
Package pdftexcmds Info: LuaTeX not detected.
Package pdftexcmds Info: \pdf@primitive is available.
Package pdftexcmds Info: \pdf@ifprimitive is available.
Package pdftexcmds Info: \pdfdraftmode found.
) (c:/texlive/2015/texmf-dist/tex/latex/oberdiek/epstopdf-base.sty
Package: epstopdf-base 2010/02/09 v2.5 Base part for package epstopdf
 (c:/texlive/2015/texmf-dist/tex/latex/oberdiek/grfext.sty
Package: grfext 2010/08/19 v1.1 Manage graphics extensions (HO)
 (c:/texlive/2015/texmf-dist/tex/generic/oberdiek/kvdefinekeys.sty
Package: kvdefinekeys 2011/04/07 v1.3 Define keys (HO)
)) (c:/texlive/2015/texmf-dist/tex/latex/oberdiek/kvoptions.sty
Package: kvoptions 2011/06/30 v3.11 Key value format for package options (HO)
 (c:/texlive/2015/texmf-dist/tex/generic/oberdiek/kvsetkeys.sty
Package: kvsetkeys 2012/04/25 v1.16 Key value parser (HO)
 (c:/texlive/2015/texmf-dist/tex/generic/oberdiek/etexcmds.sty
Package: etexcmds 2011/02/16 v1.5 Avoid name clashes with e-TeX commands (HO)
Package etexcmds Info: Could not find \expanded.
(etexcmds)             That can mean that you are not using pdfTeX 1.50 or
(etexcmds)             that some package has redefined \expanded.
(etexcmds)             In the latter case, load this package earlier.
)))
Package grfext Info: Graphics extension search list:
(grfext)             [.png,.pdf,.jpg,.mps,.jpeg,.jbig2,.jb2,.PNG,.PDF,.JPG,.JPEG,.JBIG2,.JB2,.eps]
(grfext)             \AppendGraphicsExtensions on input line 452.
 (c:/texlive/2015/texmf-dist/tex/latex/latexconfig/epstopdf-sys.cfg
File: epstopdf-sys.cfg 2010/07/13 v1.3 Configuration of (r)epstopdf for TeX Live
))
*geometry* driver: auto-detecting
*geometry* detected driver: pdftex
*geometry* verbose mode - [ preamble ] result:
* driver: pdftex
* paper: a4paper
* layout: <same size as paper>
* layoutoffset:(h,v)=(0.0pt,0.0pt)
* modes: 
* h-part:(L,W,R)=(59.74988pt, 478.00812pt, 59.74988pt)
* v-part:(T,H,B)=(67.60269pt, 676.04005pt, 101.4041pt)
* \paperwidth=597.50787pt
* \paperheight=845.04684pt
* \textwidth=478.00812pt
* \textheight=676.04005pt
* \oddsidemargin=-12.52011pt
* \evensidemargin=-12.52011pt
* \topmargin=-41.6673pt
* \headheight=12.0pt
* \headsep=25.0pt
* \topskip=10.0pt
* \footskip=30.0pt
* \marginparwidth=65.0pt
* \marginparsep=11.0pt
* \columnsep=10.0pt
* \skip\footins=9.0pt plus 4.0pt minus 2.0pt
* \hoffset=0.0pt
* \voffset=0.0pt
* \mag=1000
* \@twocolumnfalse
* \@twosidefalse
* \@mparswitchfalse
* \@reversemarginfalse
* (1in=72.27pt=25.4mm, 1cm=28.453pt)

LaTeX Font Info:    Try loading font information for U+msa on input line 27.
(c:/texlive/2015/texmf-dist/tex/latex/amsfonts/umsa.fd
File: umsa.fd 2013/01/14 v3.01 AMS symbols A
)
LaTeX Font Info:    Try loading font information for U+msb on input line 27.
 (c:/texlive/2015/texmf-dist/tex/latex/amsfonts/umsb.fd
File: umsb.fd 2013/01/14 v3.01 AMS symbols B
) [1

{c:/texlive/2015/texmf-var/fonts/map/pdftex/updmap/pdftex.map}]
\openout2 = `5-central_potential.aux'.

 (./5-central_potential.tex
Chapter 5.

Underfull \hbox (badness 10000) in paragraph at lines 13--19

 []


Underfull \hbox (badness 10000) in paragraph at lines 13--19

 []


Underfull \hbox (badness 10000) in paragraph at lines 13--19

 []

[1


] [2] <figure/5_1.PNG, id=23, 227.04825pt x 227.04825pt>
File: figure/5_1.PNG Graphic file (type png)
 <use figure/5_1.PNG>
Package pdftex.def Info: figure/5_1.PNG used on input line 86.
(pdftex.def)             Requested size: 227.04768pt x 227.04768pt.

Overfull \hbox (2.22221pt too wide) in paragraph at lines 84--93
[]$[]$ $[]$ 
 []

Missing character: There is no Â in font cmr12!
Missing character: There is no ¨ in font cmr12!
Missing character: There is no Â in font cmr12!
Missing character: There is no ¨ in font cmr12!
<figure/5_2.PNG, id=25, 261.97874pt x 165.31763pt>
File: figure/5_2.PNG Graphic file (type png)
 <use figure/5_2.PNG>
Package pdftex.def Info: figure/5_2.PNG used on input line 100.
(pdftex.def)             Requested size: 261.9781pt x 165.31721pt.
Missing character: There is no Â in font cmr12!
Missing character: There is no ¨ in font cmr12!
Missing character: There is no Â in font cmr12!
Missing character: There is no ¨ in font cmr12!

Underfull \hbox (badness 10000) in paragraph at lines 80--109

 []

[3]
Missing character: There is no Ã in font cmr12!
Missing character: There is no ¤ in font cmr12!
Missing character: There is no Ã in font cmr12!
Missing character: There is no ¶ in font cmr12!
Missing character: There is no Ã in font cmr12!
Missing character: There is no ¤ in font cmr12!
Missing character: There is no Ã in font cmr12!
Missing character: There is no ¶ in font cmr12!
Missing character: There is no Ã in font cmr10!
Missing character: There is no ¤ in font cmr10!
Missing character: There is no Ã in font cmr10!
Missing character: There is no ¶ in font cmr10!
Missing character: There is no Ã in font cmr7!
Missing character: There is no ¤ in font cmr7!
Missing character: There is no Ã in font cmr7!
Missing character: There is no ¶ in font cmr7!
 [4 <./figure/5_1.PNG>]
Missing character: There is no Â in font cmr12!
Missing character: There is no ¨ in font cmr12!
Missing character: There is no Î in font cmr12!
Missing character: There is no ´ in font cmr12!
Missing character: There is no Ï in font cmr12!
Missing character: There is no € in font cmr12!
Missing character: There is no Â in font cmr12!
Missing character: There is no ¨ in font cmr12!

Underfull \hbox (badness 10000) in paragraph at lines 127--130

 []

[5 <./figure/5_2.PNG>]
Missing character: There is no Â in font cmr12!
Missing character: There is no ¨ in font cmr12!
 <figure/5_3.PNG, id=37, 196.3335pt x 137.91525pt>
File: figure/5_3.PNG Graphic file (type png)
 <use figure/5_3.PNG>
Package pdftex.def Info: figure/5_3.PNG used on input line 143.
(pdftex.def)             Requested size: 196.33301pt x 137.9149pt.

Overfull \hbox (2.22221pt too wide) in paragraph at lines 141--149
[]$[]$ $[]$ 
 []

[6 <./figure/5_3.PNG>] <figure/5_4.PNG, id=43, 237.2865pt x 178.86826pt>
File: figure/5_4.PNG Graphic file (type png)
 <use figure/5_4.PNG>
Package pdftex.def Info: figure/5_4.PNG used on input line 212.
(pdftex.def)             Requested size: 237.2859pt x 178.86781pt.

Overfull \hbox (38.11662pt too wide) in paragraph at lines 212--212
 [][] 
 []


Underfull \hbox (badness 2689) in paragraph at lines 212--212
[]\OT1/cmr/m/n/14.4 Figure 5.5: |Bessel func-tions
 []

<figure/5_5.PNG, id=44, 247.22362pt x 193.9245pt>
File: figure/5_5.PNG Graphic file (type png)
 <use figure/5_5.PNG>
Package pdftex.def Info: figure/5_5.PNG used on input line 220.
(pdftex.def)             Requested size: 229.91557pt x 180.3479pt.

Overfull \hbox (30.74629pt too wide) in paragraph at lines 220--220
 [][] 
 []

[7]
Missing character: There is no Â in font cmr12!
Missing character: There is no ¨ in font cmr12!

Overfull \hbox (10.53758pt too wide) in paragraph at lines 255--257
\OT1/cmr/m/n/14.4 the com-po-nent $\OML/cmm/m/it/14.4 h[]\OT1/cmr/m/n/14.4 (\OML/cmm/m/it/14.4 kr\OT1/cmr/m/n/14.4 ) \OMS/cmsy/m/n/14.4 / \OML/cmm/m/it/14.4 exp\OT1/cmr/m/n/14.4 [\OMS/cmsy/m/n/14.4 ^^@\OML/cmm/m/it/14.4 ikr\OT1/cmr/m/n/14.4 ]$ was de-scrib-ing an in-ci-dent wave, $\OML/cmm/m/it/14.4 h[]\OT1/cmr/m/n/14.4 (\OML/cmm/m/it/14.4 ir\OT1/cmr/m/n/14.4 ) \OMS/cmsy/m/n/14.4 /
 []

[8 <./figure/5_4.PNG> <./figure/5_5.PNG>]
Missing character: There is no Â in font cmr12!
Missing character: There is no ¨ in font cmr12!
Missing character: There is no â in font cmr12!
Missing character: There is no € in font cmr12!
Missing character: There is no ‹ in font cmr12!
Missing character: There is no â in font cmr12!
Missing character: There is no € in font cmr12!
Missing character: There is no ‹ in font cmr12!
Missing character: There is no Ï in font cmr12!
Missing character: There is no € in font cmr12!

Underfull \hbox (badness 10000) in paragraph at lines 271--275

 []

[9]
Missing character: There is no Â in font cmr12!
Missing character: There is no ¨ in font cmr12!
Missing character: There is no Â in font cmr12!
Missing character: There is no ¨ in font cmr12!
 [10] [11] <figure/5_6.PNG, id=65, 358.33875pt x 220.72462pt>
File: figure/5_6.PNG Graphic file (type png)
 <use figure/5_6.PNG>
Package pdftex.def Info: figure/5_6.PNG used on input line 409.
(pdftex.def)             Requested size: 358.33788pt x 220.72408pt.
 [12]
Missing character: There is no Î in font cmr12!
Missing character: There is no ½ in font cmr12!
 [13 <./figure/5_6.PNG>] [14]
Missing character: There is no Â in font cmr12!
Missing character: There is no ¨ in font cmr12!
Missing character: There is no Ã in font cmr12!
Missing character: There is no ¼ in font cmr12!
Missing character: There is no Ã in font cmr12!
Missing character: There is no ¼ in font cmr12!
Missing character: There is no Ã in font cmr10!
Missing character: There is no ¼ in font cmr10!
Missing character: There is no Ã in font cmr7!
Missing character: There is no ¼ in font cmr7!
 <figure/5_7.PNG, id=77, 249.03038pt x 331.83975pt>
File: figure/5_7.PNG Graphic file (type png)
 <use figure/5_7.PNG>
Package pdftex.def Info: figure/5_7.PNG used on input line 535.
(pdftex.def)             Requested size: 249.02975pt x 331.83894pt.

Overfull \hbox (10.0257pt too wide) in paragraph at lines 535--536
 [][] 
 []


Overfull \hbox (2.22221pt too wide) in paragraph at lines 533--546
[]$[]$ $[]$ 
 []

Missing character: There is no Â in font cmr12!
Missing character: There is no ¨ in font cmr12!
[15] [16 <./figure/5_7.PNG>] <figure/5_8.PNG, id=85, 248.42813pt x 211.38976pt>
File: figure/5_8.PNG Graphic file (type png)
 <use figure/5_8.PNG>
Package pdftex.def Info: figure/5_8.PNG used on input line 566.
(pdftex.def)             Requested size: 198.74277pt x 169.11201pt.

Overfull \hbox (2.22221pt too wide) in paragraph at lines 564--572
[]$[]$ $[]$ 
 []

Missing character: There is no Â in font cmr12!
Missing character: There is no ¨ in font cmr12!
[17 <./figure/5_8.PNG>]
Missing character: There is no Â in font cmr12!
Missing character: There is no ¨ in font cmr12!

Underfull \hbox (badness 10000) in paragraph at lines 603--608

 []

Missing character: There is no â in font cmr12!
Missing character: There is no € in font cmr12!
Missing character: There is no ‹ in font cmr12!
Missing character: There is no â in font cmr12!
Missing character: There is no € in font cmr12!
Missing character: There is no ‹ in font cmr12!
[18]
Missing character: There is no â in font cmr12!
Missing character: There is no € in font cmr12!
Missing character: There is no ‹ in font cmr12!
Missing character: There is no â in font cmr12!
Missing character: There is no € in font cmr12!
Missing character: There is no ‹ in font cmr12!
Missing character: There is no Â in font cmr12!
Missing character: There is no · in font cmr12!
) [19] (./quantum mechanics.aux (./5-central_potential.aux)) ) 
Here is how much of TeX's memory you used:
 4710 strings out of 493089
 68879 string characters out of 6138425
 140820 words of memory out of 5000000
 8090 multiletter control sequences out of 15000+600000
 14045 words of font info for 54 fonts, out of 8000000 for 9000
 1141 hyphenation exceptions out of 8191
 38i,15n,43p,1264b,435s stack positions out of 5000i,500n,10000p,200000b,80000s
<c:/texlive/2015/texmf-dist/fonts/type1/public/amsfonts/cm/cmbx12.pfb><c:/texlive/2015/texmf-dist/fonts/type1/public/amsfonts/cm/cmex10.pfb><c:/texlive/2015/texmf-dist/fonts/type1/public/amsfonts/cm/cmmi10.pfb><c:/texlive/2015/texmf-dist/fonts/type1/public/amsfonts/cm/cmmi12.pfb><c:/texlive/2015/texmf-dist/fonts/type1/public/amsfonts/cm/cmmi7.pfb><c:/texlive/2015/texmf-dist/fonts/type1/public/amsfonts/cm/cmmi8.pfb><c:/texlive/2015/texmf-dist/fonts/type1/public/amsfonts/cm/cmr10.pfb><c:/texlive/2015/texmf-dist/fonts/type1/public/amsfonts/cm/cmr12.pfb><c:/texlive/2015/texmf-dist/fonts/type1/public/amsfonts/cm/cmr17.pfb><c:/texlive/2015/texmf-dist/fonts/type1/public/amsfonts/cm/cmr7.pfb><c:/texlive/2015/texmf-dist/fonts/type1/public/amsfonts/cm/cmr8.pfb><c:/texlive/2015/texmf-dist/fonts/type1/public/amsfonts/cm/cmsy10.pfb><c:/texlive/2015/texmf-dist/fonts/type1/public/amsfonts/cm/cmsy8.pfb><c:/texlive/2015/texmf-dist/fonts/type1/public/amsfonts/symbols/msbm10.pfb>
Output written on "quantum mechanics.pdf" (20 pages, 614320 bytes).
PDF statistics:
 142 PDF objects out of 1000 (max. 8388607)
 89 compressed objects within 1 object stream
 0 named destinations out of 1000 (max. 500000)
 41 words of extra memory for PDF output out of 10000 (max. 10000000)

